INFO  [2018:02:21-17:18:15:355] <00005320> START reqrealbill (V4136B4136D20150608M)
INFO  [2018:02:21-17:18:15:355] <00005320> INIPAYHOME:/ssw1990/www/pay
INFO  [2018:02:21-17:18:15:355] <00005320> CHECK FIELD OK
INFO  [2018:02:21-17:18:15:355] <00005320> MAKE TID OK INIpayBillINIBillTst20180221171815355320
INFO  [2018:02:21-17:18:15:355] <00005320> GET PGPUB KEY OK
INFO  [2018:02:21-17:18:15:356] <00005320> GET INIBillTst PRIV KEY OK
INFO  [2018:02:21-17:18:15:356] <00005320> ENCRYPT OK
INFO  [2018:02:21-17:18:15:356] <00005320> MAKE MSG OK
INFO  [2018:02:21-17:18:15:358] <00005320> SIGN OK
INFO  [2018:02:21-17:18:15:358] <00005320> m_pgn :[]
INFO  [2018:02:21-17:18:15:358] <00005320> socket Connection:[]
INFO  [2018:02:21-17:18:15:361] <00005320> CONNECT PG(203.238.37.3:9400) OK
DEBUG [2018:02:21-17:18:15:361] <00005320> MSG_TO_PG:[InitechCash: ReqRealBill
Version: 4136B201506reqreLinux                  3.10.0-693.11.6.el7.
EncryptionAlgorithm: SEED_CBC
SignAlgorithm: SIGN_SHA
RsaKeyNum: 1
MPGID: INIpayBill
MID: INIBillTst
TID: INIpayBillINIBillTst20180221171815355320
UID: INIBillTst
PayMethod: Card
URL: https://shallwesay.co.kr
moid: INIBillTst_1519197527281
GoodName: 축구공
Price: 1000
Currency: WON
BuyerName: 홍길동
BuyerTel: 01020666056
BuyerEmail: byoroo@gmail.com
SessionKey: cLSGR6GdzkjjdrGe/XC/i1ehNuGPYszdiBdCplouiUmJubN//LxGwv+mWSIlUFqH
QTDqqDbOZz+B6Y18RJdpKVjVvR07FPWGT2ErdDtYgyF3PKw/siAEfxB71GkJPt0G
Xud/nsu0OTozvK74xwxcStC/cbEHnGoqGzqvAfzj+iijxMCrZsTzuQ==

Encrypted: QnN0+jYaXyoXzvXS2I64Jj1lwJ+urfhUGFmgSuC6oJeGYkaXoKLNrHdHelWVvClC
DVrQMbOC2YpeyjLsYlgANjog4aWsYQyI+aYyYfqjJ3toQURAi5jOaHXRcA0iMhWl
wNhWfXjyXes6ENLVSJAgFon98ZN+z0TbENJKcKKndlCL6il0GhuenL7kmU359gFM
VEtvpMOi/LxahcAd4awfdQ==

MerchantReserved1: 
MerchantReserved2: 
MerchantReserved3: 
Tail: APHhVslUdECra/XivtfnYAMh3xLB2O8ZuYop+4DN3Oodd8tpUE83u5f+6xesqfJ4
QiA32WAlMzyTjWKiSK7v9L3xdWDV5+qloHWsWph/bGnZ4LoA+9RzyNaxeGwZq9U/
R22HYWdtOh1GbHbgCTcbxLNYZ3uLVqmKcBBv2Fn9LeU4

]
INFO  [2018:02:21-17:18:15:361] <00005320> SEND OK
INFO  [2018:02:21-17:18:16:090] <00005320> RECV OK
INFO  [2018:02:21-17:18:16:090] <00005320> MSG_FROM_PG:[InitechCash: ResultPayProc
Version: 4.0
EncryptionAlgorithm: SEED_CBC
SignAlgorithm: SIGN_SHA
RsaKeyNum: 1
SessionKey: ADX5GepHYt/yoNAc0hRNLfUKkZdrlfVr24pGFvyxiGgpU9tt1mscZhOGtohpoSAW
omLCuNUhzjAjsqYkjMQd4vEit5Y0vmwMUtX3bxS22wydGelwcl1J7CR5foabGieR
E5jF/4vck/tvS6GPUAHc7zaKlKfu2ocqz9xgoXwqbRxmcu7R3JVwF3k=

TID: INIpayBillINIBillTst20180221171815355320
MID: INIBillTst
Encrypted: WYnWSQj50CShkYjjbvk54W4NxpqlbG7Mdv5vyNUx6pD595RzbREPtjC54vGlD62h
X4twl8llYR7+ieK7uPzDU+2BO236tjRAdK/ts0Fn2KdEXPi4EfxPQr0PPoXGVPjr
3PYJAc0VCEcDkzqGVQ+CLdcf2oZhKRgkpwHxyzzYdvFuRk9me9wo5eaXttnHiiq4
hUiOjbHg8B91z+V/iUtVsm99lvY4zSwNFEes1W01uDrMQDuD6GK0rLlWz/cz0Pg8
Uo2zqzNrx7holdZcXDpJUbH/KFF3hLfVjisLomccKCnyfcGcVCF8A+a3mnTqp3MO
C3xUyKRZkXz/r8++Yb6b9cPEHHOxcVCAWZQ2tYsE6Vt1NY+0UbmDu3et6x6cSA3G
kj0LiHqrdZvFchXT/Dp/LR4t0Fu8rfgeXK6yMxAZnywX8RiTgAskNUIUeXdy/6OS
/nHIm+zc+px+RpYrOHGX7gzb5gnEBmEdOB0BSCjYquVM5IZq8am/WGvUrfOGvfyJ
0DYlBmE6QC8TBUynNYQEoN/ECnA407HZVRF3ILsKrEK431pKe49CGzdzYgsDa0cj
ReViSWmby5k=

Tail: jHHhRwyGoA+/pKYIofA4L/CHPhrTRrWzRHLV++SZCEASQ89vDKTU8kHkhexD2TwV
hKLiQn/xMQfNVr6XAkIkQfavIUFzTAPp25nX5pxFJv8Or2d18GksGjze1CYqumaN
Hw1kukBhXxWu2Mul+riThSc0TxcR/3+X8ru3Lm3PJPQ=

MOID: 
CodeGW: 
]
ERROR [2018:02:21-17:18:16:090] <00005320> CHECK SIGN FAIL (9121)
DEBUG [2018:02:21-17:18:16:090] <00005320> MSG_TO_PG:[InitechCash: ReqRealBill
Version: 4136B201506reqreLinux                  3.10.0-693.11.6.el7.
EncryptionAlgorithm: SEED_CBC
SignAlgorithm: SIGN_SHA
RsaKeyNum: 1
MPGID: INIpayBill
MID: INIBillTst
TID: INIpayBillINIBillTst20180221171815355320
UID: INIBillTst
PayMethod: Card
URL: https://shallwesay.co.kr
moid: INIBillTst_1519197527281
GoodName: 축구공
Price: 1000
Currency: WON
BuyerName: 홍길동
BuyerTel: 01020666056
BuyerEmail: byoroo@gmail.com
SessionKey: cLSGR6GdzkjjdrGe/XC/i1ehNuGPYszdiBdCplouiUmJubN//LxGwv+mWSIlUFqH
QTDqqDbOZz+B6Y18RJdpKVjVvR07FPWGT2ErdDtYgyF3PKw/siAEfxB71GkJPt0G
Xud/nsu0OTozvK74xwxcStC/cbEHnGoqGzqvAfzj+iijxMCrZsTzuQ==

Encrypted: QnN0+jYaXyoXzvXS2I64Jj1lwJ+urfhUGFmgSuC6oJeGYkaXoKLNrHdHelWVvClC
DVrQMbOC2YpeyjLsYlgANjog4aWsYQyI+aYyYfqjJ3toQURAi5jOaHXRcA0iMhWl
wNhWfXjyXes6ENLVSJAgFon98ZN+z0TbENJKcKKndlCL6il0GhuenL7kmU359gFM
VEtvpMOi/LxahcAd4awfdQ==

MerchantReserved1: 
MerchantReserved2: 
MerchantReserved3: 
Tail: APHhVslUdECra/XivtfnYAMh3xLB2O8ZuYop+4DN3Oodd8tpUE83u5f+6xesqfJ4
QiA32WAlMzyTjWKiSK7v9L3xdWDV5+qloHWsWph/bGnZ4LoA+9RzyNaxeGwZq9U/
R22HYWdtOh1GbHbgCTcbxLNYZ3uLVqmKcBBv2Fn9LeU4

]
DEBUG [2018:02:21-17:18:16:090] <00005320> MSG_FROM_PG:[InitechCash: ResultPayProc
Version: 4.0
EncryptionAlgorithm: SEED_CBC
SignAlgorithm: SIGN_SHA
RsaKeyNum: 1
SessionKey: ADX5GepHYt/yoNAc0hRNLfUKkZdrlfVr24pGFvyxiGgpU9tt1mscZhOGtohpoSAW
omLCuNUhzjAjsqYkjMQd4vEit5Y0vmwMUtX3bxS22wydGelwcl1J7CR5foabGieR
E5jF/4vck/tvS6GPUAHc7zaKlKfu2ocqz9xgoXwqbRxmcu7R3JVwF3k=

TID: INIpayBillINIBillTst20180221171815355320
MID: INIBillTst
Encrypted: WYnWSQj50CShkYjjbvk54W4NxpqlbG7Mdv5vyNUx6pD595RzbREPtjC54vGlD62h
X4twl8llYR7+ieK7uPzDU+2BO236tjRAdK/ts0Fn2KdEXPi4EfxPQr0PPoXGVPjr
3PYJAc0VCEcDkzqGVQ+CLdcf2oZhKRgkpwHxyzzYdvFuRk9me9wo5eaXttnHiiq4
hUiOjbHg8B91z+V/iUtVsm99lvY4zSwNFEes1W01uDrMQDuD6GK0rLlWz/cz0Pg8
Uo2zqzNrx7holdZcXDpJUbH/KFF3hLfVjisLomccKCnyfcGcVCF8A+a3mnTqp3MO
C3xUyKRZkXz/r8++Yb6b9cPEHHOxcVCAWZQ2tYsE6Vt1NY+0UbmDu3et6x6cSA3G
kj0LiHqrdZvFchXT/Dp/LR4t0Fu8rfgeXK6yMxAZnywX8RiTgAskNUIUeXdy/6OS
/nHIm+zc+px+RpYrOHGX7gzb5gnEBmEdOB0BSCjYquVM5IZq8am/WGvUrfOGvfyJ
0DYlBmE6QC8TBUynNYQEoN/ECnA407HZVRF3ILsKrEK431pKe49CGzdzYgsDa0cj
ReViSWmby5k=

Tail: jHHhRwyGoA+/pKYIofA4L/CHPhrTRrWzRHLV++SZCEASQ89vDKTU8kHkhexD2TwV
hKLiQn/xMQfNVr6XAkIkQfavIUFzTAPp25nX5pxFJv8Or2d18GksGjze1CYqumaN
Hw1kukBhXxWu2Mul+riThSc0TxcR/3+X8ru3Lm3PJPQ=

MOID: 
CodeGW: 
]
INFO  [2018:02:21-17:18:16:093] <00005320> CONNECT PG(203.238.37.3) OK
INFO  [2018:02:21-17:18:16:249] <00005320> NET CANCEL OK(NO_SUCH_TRANSACTION)
INFO  [2018:02:21-17:18:16:249] <00005320> END reqrealbill [9121][실시간빌링실패|서명 확인 오류]
INFO  [2018:02:21-17:19:16:549] <00006096> START reqrealbill (V4136B4136D20150608M)
INFO  [2018:02:21-17:19:16:549] <00006096> INIPAYHOME:/ssw1990/www/pay
INFO  [2018:02:21-17:19:16:550] <00006096> CHECK FIELD OK
INFO  [2018:02:21-17:19:16:550] <00006096> MAKE TID OK INIpayBillINIBillTst20180221171916550096
INFO  [2018:02:21-17:19:16:550] <00006096> GET PGPUB KEY OK
INFO  [2018:02:21-17:19:16:550] <00006096> GET INIBillTst PRIV KEY OK
INFO  [2018:02:21-17:19:16:550] <00006096> ENCRYPT OK
INFO  [2018:02:21-17:19:16:550] <00006096> MAKE MSG OK
INFO  [2018:02:21-17:19:16:552] <00006096> SIGN OK
INFO  [2018:02:21-17:19:16:552] <00006096> m_pgn :[]
INFO  [2018:02:21-17:19:16:552] <00006096> socket Connection:[]
INFO  [2018:02:21-17:19:16:555] <00006096> CONNECT PG(203.238.37.3:9400) OK
DEBUG [2018:02:21-17:19:16:555] <00006096> MSG_TO_PG:[InitechCash: ReqRealBill
Version: 4136B201506reqreLinux                  3.10.0-693.11.6.el7.
EncryptionAlgorithm: SEED_CBC
SignAlgorithm: SIGN_SHA
RsaKeyNum: 1
MPGID: INIpayBill
MID: INIBillTst
TID: INIpayBillINIBillTst20180221171916550096
UID: INIBillTst
PayMethod: Card
URL: https://shallwesay.co.kr
moid: INIBillTst_1519197527281
GoodName: 축구공
Price: 1000
Currency: WON
BuyerName: 홍길동
BuyerTel: 01020666056
BuyerEmail: byoroo@gmail.com
SessionKey: Lk8rtP+KKcykwYsBygUwiJxkAswiu78mZB+Pd2PjojCAo/rT/m0eeKqoe8LFEKny
xO1GPkw7hjb6aXmAfidRQadQtUSmS+5VInYy0RtCwSzT2qORVHo+DHCtLUxGe2iv
g9A7b3kX09Z2GyWIHVGX8MOhfmAt1NBtC6qOyu+DHqBlBN/gOTx2dQ==

Encrypted: AOuNM9gzis+uowJvcuMGcSTEeussP/GjqxE8RwM86/LlUxe5iN3hBUmTyRm0srsO
J80YUHKZtdiBYq4FDoZvrqIciPYhzkkTpyZwflbLL1ODCbynyDudb/SRnvbbxskJ
4RU01Q93Y5CtYv5StuRhELru3hsq86FVrZ5pVOk+JknoNXADhjULailnZ5pUfMSK
Mt8pU0VP+7uGf9Q+QTNqDQ==

MerchantReserved1: 
MerchantReserved2: 
MerchantReserved3: 
Tail: AAy0ewkSYsuxd9Jsmut8BsPNvCTmKJMMf6mCWeoCBzvJXQMBNYDtsp5PGCwsdPmA
sYSo1ZJeBNQ4LdLEJqlbbOwZwuaaMfEejN7QkMR+RIkkNI+kHkrZ8vqs+6p3iIGd
wEzXeLmXHlyIYaQoexm6Ul24SEZmDDkeaVhSzLrYJ/3P

]
INFO  [2018:02:21-17:19:16:555] <00006096> SEND OK
INFO  [2018:02:21-17:19:17:308] <00006096> RECV OK
INFO  [2018:02:21-17:19:17:308] <00006096> MSG_FROM_PG:[InitechCash: ResultPayProc
Version: 4.0
EncryptionAlgorithm: SEED_CBC
SignAlgorithm: SIGN_SHA
RsaKeyNum: 1
SessionKey: ABbOhL1widY5w+BNwXKf+z3K6o8UQUYbrlVkuWu/ClJRLAatXT4KsjzugQAYlKYE
E+pcQ/OfdFF2yyyHPb+o3enDEVYEVgBwDByfvdW5WDksisA692nPJNv+VMfliLRk
I8AfSla7UuU3hqVQUDNGAZdKPLDcSTmUeBqMqnkgHzo/FNUXit29eRo=

TID: INIpayBillINIBillTst20180221171916550096
MID: INIBillTst
Encrypted: wPo9ZcXYbUfjfMBZRkZV+DnNITJXqtYMz6s0ZSZBpZoXqf9UTlCOcKqu3obsgVP/
PFlfbxqTDGlneuPmMXPmp0aHgjEEVrcAo3S6LD2a73AWYzbkp5kXQbDGLM98Mat5
qOj4SIKoTHYHdfFIGlmGmEXiyzgxjJAz6M/OUi/7sK3VPbeX1AO7RGh/vH1729fy
p425HrShpo9XEqG8aPURHez2LM3+Q6fPKaHs7V2GsOz5Mwk8gWfL9VrcsMtNAHjj
3rr7IIjm/FOWguyDvlzvWmQo3c0vhk3D8Tszxelp4ZwUejhje9ZJxprNme2bQWDF
09pRH2ZPtwJ+9Sy0QKhvqaMKj/jI3BCxYaytqDspZYRHyFOBnYQfZdnCG4/fcvLT
JHqhWsMrUHedcC5zdnIJtn7vfmzqx7JT44CQNhCJ1rhtT09ozvJ+pNR0pTnvoX6L
PrAAybWEIBX+aT9AvLpEyoUfP4KjeDLMTwF7NryKsFoEHvXC/+lxm8yZ+ZO47IFh
xbpB32GoCnXsHGcrYjLZAN61LG+SJj3P+ObepNFQ6s9+L2xo15DqsQtQPOQYe6C7
jZZQs2Lncys=

Tail: CqF92jFSsU+aBTio42SUyFWBPJUy5PW6nltFfCBaNY7VcfPT33DKie6kDxzDTJcd
1Wa4sb/aydkyIYqwvRoRHYFc/dLamHicFwAYKDLmMkRXOZ+gg9xed4FMC3vPxFK0
Lk38+WxXbmhxEHVxCituSnowKNhvOsUDHZb1p4eVW1M=

MOID: 
CodeGW: 
]
ERROR [2018:02:21-17:19:17:308] <00006096> CHECK SIGN FAIL (9121)
DEBUG [2018:02:21-17:19:17:308] <00006096> MSG_TO_PG:[InitechCash: ReqRealBill
Version: 4136B201506reqreLinux                  3.10.0-693.11.6.el7.
EncryptionAlgorithm: SEED_CBC
SignAlgorithm: SIGN_SHA
RsaKeyNum: 1
MPGID: INIpayBill
MID: INIBillTst
TID: INIpayBillINIBillTst20180221171916550096
UID: INIBillTst
PayMethod: Card
URL: https://shallwesay.co.kr
moid: INIBillTst_1519197527281
GoodName: 축구공
Price: 1000
Currency: WON
BuyerName: 홍길동
BuyerTel: 01020666056
BuyerEmail: byoroo@gmail.com
SessionKey: Lk8rtP+KKcykwYsBygUwiJxkAswiu78mZB+Pd2PjojCAo/rT/m0eeKqoe8LFEKny
xO1GPkw7hjb6aXmAfidRQadQtUSmS+5VInYy0RtCwSzT2qORVHo+DHCtLUxGe2iv
g9A7b3kX09Z2GyWIHVGX8MOhfmAt1NBtC6qOyu+DHqBlBN/gOTx2dQ==

Encrypted: AOuNM9gzis+uowJvcuMGcSTEeussP/GjqxE8RwM86/LlUxe5iN3hBUmTyRm0srsO
J80YUHKZtdiBYq4FDoZvrqIciPYhzkkTpyZwflbLL1ODCbynyDudb/SRnvbbxskJ
4RU01Q93Y5CtYv5StuRhELru3hsq86FVrZ5pVOk+JknoNXADhjULailnZ5pUfMSK
Mt8pU0VP+7uGf9Q+QTNqDQ==

MerchantReserved1: 
MerchantReserved2: 
MerchantReserved3: 
Tail: AAy0ewkSYsuxd9Jsmut8BsPNvCTmKJMMf6mCWeoCBzvJXQMBNYDtsp5PGCwsdPmA
sYSo1ZJeBNQ4LdLEJqlbbOwZwuaaMfEejN7QkMR+RIkkNI+kHkrZ8vqs+6p3iIGd
wEzXeLmXHlyIYaQoexm6Ul24SEZmDDkeaVhSzLrYJ/3P

]
DEBUG [2018:02:21-17:19:17:308] <00006096> MSG_FROM_PG:[InitechCash: ResultPayProc
Version: 4.0
EncryptionAlgorithm: SEED_CBC
SignAlgorithm: SIGN_SHA
RsaKeyNum: 1
SessionKey: ABbOhL1widY5w+BNwXKf+z3K6o8UQUYbrlVkuWu/ClJRLAatXT4KsjzugQAYlKYE
E+pcQ/OfdFF2yyyHPb+o3enDEVYEVgBwDByfvdW5WDksisA692nPJNv+VMfliLRk
I8AfSla7UuU3hqVQUDNGAZdKPLDcSTmUeBqMqnkgHzo/FNUXit29eRo=

TID: INIpayBillINIBillTst20180221171916550096
MID: INIBillTst
Encrypted: wPo9ZcXYbUfjfMBZRkZV+DnNITJXqtYMz6s0ZSZBpZoXqf9UTlCOcKqu3obsgVP/
PFlfbxqTDGlneuPmMXPmp0aHgjEEVrcAo3S6LD2a73AWYzbkp5kXQbDGLM98Mat5
qOj4SIKoTHYHdfFIGlmGmEXiyzgxjJAz6M/OUi/7sK3VPbeX1AO7RGh/vH1729fy
p425HrShpo9XEqG8aPURHez2LM3+Q6fPKaHs7V2GsOz5Mwk8gWfL9VrcsMtNAHjj
3rr7IIjm/FOWguyDvlzvWmQo3c0vhk3D8Tszxelp4ZwUejhje9ZJxprNme2bQWDF
09pRH2ZPtwJ+9Sy0QKhvqaMKj/jI3BCxYaytqDspZYRHyFOBnYQfZdnCG4/fcvLT
JHqhWsMrUHedcC5zdnIJtn7vfmzqx7JT44CQNhCJ1rhtT09ozvJ+pNR0pTnvoX6L
PrAAybWEIBX+aT9AvLpEyoUfP4KjeDLMTwF7NryKsFoEHvXC/+lxm8yZ+ZO47IFh
xbpB32GoCnXsHGcrYjLZAN61LG+SJj3P+ObepNFQ6s9+L2xo15DqsQtQPOQYe6C7
jZZQs2Lncys=

Tail: CqF92jFSsU+aBTio42SUyFWBPJUy5PW6nltFfCBaNY7VcfPT33DKie6kDxzDTJcd
1Wa4sb/aydkyIYqwvRoRHYFc/dLamHicFwAYKDLmMkRXOZ+gg9xed4FMC3vPxFK0
Lk38+WxXbmhxEHVxCituSnowKNhvOsUDHZb1p4eVW1M=

MOID: 
CodeGW: 
]
INFO  [2018:02:21-17:19:17:311] <00006096> CONNECT PG(203.238.37.3) OK
INFO  [2018:02:21-17:19:17:462] <00006096> NET CANCEL OK(NO_SUCH_TRANSACTION)
INFO  [2018:02:21-17:19:17:462] <00006096> END reqrealbill [9121][실시간빌링실패|서명 확인 오류]
INFO  [2018:02:21-17:22:04:643] <00020724> START reqrealbill (V4136B4136D20150608M)
INFO  [2018:02:21-17:22:04:643] <00020724> INIPAYHOME:/ssw1990/www/pay
INFO  [2018:02:21-17:22:04:643] <00020724> CHECK FIELD OK
INFO  [2018:02:21-17:22:04:643] <00020724> MAKE TID OK INIpayBillINIBillTst20180221172204643724
INFO  [2018:02:21-17:22:04:643] <00020724> GET PGPUB KEY OK
INFO  [2018:02:21-17:22:04:643] <00020724> GET INIBillTst PRIV KEY OK
INFO  [2018:02:21-17:22:04:643] <00020724> ENCRYPT OK
INFO  [2018:02:21-17:22:04:643] <00020724> MAKE MSG OK
INFO  [2018:02:21-17:22:04:645] <00020724> SIGN OK
INFO  [2018:02:21-17:22:04:645] <00020724> m_pgn :[]
INFO  [2018:02:21-17:22:04:645] <00020724> socket Connection:[]
INFO  [2018:02:21-17:22:04:648] <00020724> CONNECT PG(203.238.37.3:9400) OK
DEBUG [2018:02:21-17:22:04:648] <00020724> MSG_TO_PG:[InitechCash: ReqRealBill
Version: 4136B201506reqreLinux                  3.10.0-693.11.6.el7.
EncryptionAlgorithm: SEED_CBC
SignAlgorithm: SIGN_SHA
RsaKeyNum: 1
MPGID: INIpayBill
MID: INIBillTst
TID: INIpayBillINIBillTst20180221172204643724
UID: INIBillTst
PayMethod: Card
URL: https://shallwesay.co.kr
moid: INIBillTst_1519197527281
GoodName: 테스트
Price: 1000
Currency: WON
BuyerName: 홍길동
BuyerTel: 010-1234-5678
BuyerEmail: test@inicis.com
SessionKey: inv+4xQmVMMPK1wlfBuaO2W6jpEdTXilRVqbcdp+SKWjc3xPqbOpOrJ/fL0vkKUi
SRV6IsmQwx1DQ1e4wtdC9ani/9o8y/16EKyD51zvO7Twc5lazdLChybngIcafIO8
yHqUq/gWgWM21VQRoXtKNn/crII0n4DqzgfRKFEE/QjASr+iS74nhQ==

Encrypted: PzeKZpbaBf6e4USuBMjN6yHT/QhKTnTUw2LwglsKwnR0lKY6DZa5BA7o2vDsXnFK
GSkVoCQn3cxJt9tbF8ao663WAOqoSlXtSx/hEXl04Qe/Hl73XyzPgNLhAsgDuWTH
QWKaX3ZHTBigKgwxLH1MKW8jsRzxB8c/5wNzt9SjhCAKZvTKr3iXiQ4vEJOk1rYS
w698FCDJHc4Vg40nEugqzA==

MerchantReserved1: 
MerchantReserved2: 
MerchantReserved3: 
Tail: AHTD4bachyzsqYXJhpo1hjkGlTYWZHoDfxVQKND60qolwHFpQAk7tzhsaTasaZz4
q+4r0xF0K/qu4Ws/UJIchzVcnGOLe9qlUVh+VJYVwFd73N+Hl17EJ6aty+62H5K6
5Ixf1TwVQlyUYb9/VFn47fKv8EMf+miM235q5o9Qm8zP

]
INFO  [2018:02:21-17:22:04:648] <00020724> SEND OK
INFO  [2018:02:21-17:22:05:201] <00020724> RECV OK
INFO  [2018:02:21-17:22:05:201] <00020724> MSG_FROM_PG:[InitechCash: ResultPayProc
Version: 4.0
EncryptionAlgorithm: SEED_CBC
SignAlgorithm: SIGN_SHA
RsaKeyNum: 1
SessionKey: AD1lGSmGlmyRgCfEWYVfgxAH75gI9xjsGFivY+iVhQhPSSPlYi30zTkAFgd4qcPX
+dMmRSf+zHUGANHNRAj32Vr/GvNo1gEwFkRg/XgZSRH1WQbNtTP2iZ5XdI/x4Mdc
kuzGgw5lH4609V8103qmP4u7E0s6Vmdov68vI5NmGi1VGCQXy3r1obo=

TID: INIpayBillINIBillTst20180221172204643724
MID: INIBillTst
Encrypted: zbVRaVV6b2FLX0qCZXynb/f+nPCOQxafbgTZTHdTbjBvdMImocJEb2K3hl0+1NbE
5F7vPBqQ6/J3CfQYJYEmC7jh5j09wEZ1LmPdBeTDcp3hP1IkrOpp7kZA27GScdOZ
ajNYJerRcQi6t90QHLkKWdsJERmOJvtTGosYEZbZpWj3pkg4Hz/IlPzv7aSu19tV
EHg2lXegIVVIL6Q0IeX3m+IUgR8/2OwvMMUsxThf0eBtw6J84zb9fpHjbQzmwQtp
2vxjmxmq7CZgTD6AvQswbJyIlQLVRnfomSbvVeR7fjTyKwYjh2VZlsbP/FX6EuCX
fpWrW5BFiqKESntSbCdYYUOy5fk7fAt1rFUBcqaE/kVXrdYdMrHv6ZbAZLHum5S0
Mk49TLdiVPnNXdSDQ0tlUZOkZTWZbcE/YIPJ4DndSJ1Oe9ins0zTuUltzG9ym2in
AnaxQpiBCZZoKUWphU/NXkr4T/TNEl0/1Mw2b5TUXYlHHUlrktb6yuVPgxPsISUs
1JTLSbZzPB2XWhoCs3CuvY1onA2FkXchv9jLcGWJ6PfvvlmMYDJ1Bve0ZTzQ05Pf
TYesOLC95EY=

Tail: ByLAMiriofZfZcEvIxYBDVjRzRBSelnylaDKKbT+L6DXM5Ik01AYqzireDE234xu
ZdTjxRQ+rIWOe4o+hq0nLJNJTUxzWdeBVIMiy3Z2o1/kyFuFcRWMDoniIgGdJzAz
Dlbw4eq4+va7QWmB37/tgVuH257eUoqn7yq3utOmgdU=

MOID: 
CodeGW: 
]
ERROR [2018:02:21-17:22:05:201] <00020724> CHECK SIGN FAIL (9121)
DEBUG [2018:02:21-17:22:05:201] <00020724> MSG_TO_PG:[InitechCash: ReqRealBill
Version: 4136B201506reqreLinux                  3.10.0-693.11.6.el7.
EncryptionAlgorithm: SEED_CBC
SignAlgorithm: SIGN_SHA
RsaKeyNum: 1
MPGID: INIpayBill
MID: INIBillTst
TID: INIpayBillINIBillTst20180221172204643724
UID: INIBillTst
PayMethod: Card
URL: https://shallwesay.co.kr
moid: INIBillTst_1519197527281
GoodName: 테스트
Price: 1000
Currency: WON
BuyerName: 홍길동
BuyerTel: 010-1234-5678
BuyerEmail: test@inicis.com
SessionKey: inv+4xQmVMMPK1wlfBuaO2W6jpEdTXilRVqbcdp+SKWjc3xPqbOpOrJ/fL0vkKUi
SRV6IsmQwx1DQ1e4wtdC9ani/9o8y/16EKyD51zvO7Twc5lazdLChybngIcafIO8
yHqUq/gWgWM21VQRoXtKNn/crII0n4DqzgfRKFEE/QjASr+iS74nhQ==

Encrypted: PzeKZpbaBf6e4USuBMjN6yHT/QhKTnTUw2LwglsKwnR0lKY6DZa5BA7o2vDsXnFK
GSkVoCQn3cxJt9tbF8ao663WAOqoSlXtSx/hEXl04Qe/Hl73XyzPgNLhAsgDuWTH
QWKaX3ZHTBigKgwxLH1MKW8jsRzxB8c/5wNzt9SjhCAKZvTKr3iXiQ4vEJOk1rYS
w698FCDJHc4Vg40nEugqzA==

MerchantReserved1: 
MerchantReserved2: 
MerchantReserved3: 
Tail: AHTD4bachyzsqYXJhpo1hjkGlTYWZHoDfxVQKND60qolwHFpQAk7tzhsaTasaZz4
q+4r0xF0K/qu4Ws/UJIchzVcnGOLe9qlUVh+VJYVwFd73N+Hl17EJ6aty+62H5K6
5Ixf1TwVQlyUYb9/VFn47fKv8EMf+miM235q5o9Qm8zP

]
DEBUG [2018:02:21-17:22:05:201] <00020724> MSG_FROM_PG:[InitechCash: ResultPayProc
Version: 4.0
EncryptionAlgorithm: SEED_CBC
SignAlgorithm: SIGN_SHA
RsaKeyNum: 1
SessionKey: AD1lGSmGlmyRgCfEWYVfgxAH75gI9xjsGFivY+iVhQhPSSPlYi30zTkAFgd4qcPX
+dMmRSf+zHUGANHNRAj32Vr/GvNo1gEwFkRg/XgZSRH1WQbNtTP2iZ5XdI/x4Mdc
kuzGgw5lH4609V8103qmP4u7E0s6Vmdov68vI5NmGi1VGCQXy3r1obo=

TID: INIpayBillINIBillTst20180221172204643724
MID: INIBillTst
Encrypted: zbVRaVV6b2FLX0qCZXynb/f+nPCOQxafbgTZTHdTbjBvdMImocJEb2K3hl0+1NbE
5F7vPBqQ6/J3CfQYJYEmC7jh5j09wEZ1LmPdBeTDcp3hP1IkrOpp7kZA27GScdOZ
ajNYJerRcQi6t90QHLkKWdsJERmOJvtTGosYEZbZpWj3pkg4Hz/IlPzv7aSu19tV
EHg2lXegIVVIL6Q0IeX3m+IUgR8/2OwvMMUsxThf0eBtw6J84zb9fpHjbQzmwQtp
2vxjmxmq7CZgTD6AvQswbJyIlQLVRnfomSbvVeR7fjTyKwYjh2VZlsbP/FX6EuCX
fpWrW5BFiqKESntSbCdYYUOy5fk7fAt1rFUBcqaE/kVXrdYdMrHv6ZbAZLHum5S0
Mk49TLdiVPnNXdSDQ0tlUZOkZTWZbcE/YIPJ4DndSJ1Oe9ins0zTuUltzG9ym2in
AnaxQpiBCZZoKUWphU/NXkr4T/TNEl0/1Mw2b5TUXYlHHUlrktb6yuVPgxPsISUs
1JTLSbZzPB2XWhoCs3CuvY1onA2FkXchv9jLcGWJ6PfvvlmMYDJ1Bve0ZTzQ05Pf
TYesOLC95EY=

Tail: ByLAMiriofZfZcEvIxYBDVjRzRBSelnylaDKKbT+L6DXM5Ik01AYqzireDE234xu
ZdTjxRQ+rIWOe4o+hq0nLJNJTUxzWdeBVIMiy3Z2o1/kyFuFcRWMDoniIgGdJzAz
Dlbw4eq4+va7QWmB37/tgVuH257eUoqn7yq3utOmgdU=

MOID: 
CodeGW: 
]
INFO  [2018:02:21-17:22:05:203] <00020724> CONNECT PG(203.238.37.3) OK
INFO  [2018:02:21-17:22:05:334] <00020724> NET CANCEL OK(NO_SUCH_TRANSACTION)
INFO  [2018:02:21-17:22:05:334] <00020724> END reqrealbill [9121][실시간빌링실패|서명 확인 오류]
INFO  [2018:02:21-17:26:05:420] <00027288> START reqrealbill (V4136B4136D20150608M)
INFO  [2018:02:21-17:26:05:420] <00027288> INIPAYHOME:/ssw1990/www/pay
INFO  [2018:02:21-17:26:05:421] <00027288> CHECK FIELD OK
INFO  [2018:02:21-17:26:05:421] <00027288> MAKE TID OK INIpayBillINIBillTst20180221172605421288
INFO  [2018:02:21-17:26:05:421] <00027288> GET PGPUB KEY OK
INFO  [2018:02:21-17:26:05:421] <00027288> GET INIBillTst PRIV KEY OK
INFO  [2018:02:21-17:26:05:421] <00027288> ENCRYPT OK
INFO  [2018:02:21-17:26:05:421] <00027288> MAKE MSG OK
INFO  [2018:02:21-17:26:05:423] <00027288> SIGN OK
INFO  [2018:02:21-17:26:05:423] <00027288> m_pgn :[]
INFO  [2018:02:21-17:26:05:423] <00027288> socket Connection:[]
INFO  [2018:02:21-17:26:05:425] <00027288> CONNECT PG(203.238.37.3:9400) OK
DEBUG [2018:02:21-17:26:05:425] <00027288> MSG_TO_PG:[InitechCash: ReqRealBill
Version: 4136B201506reqreLinux                  3.10.0-693.11.6.el7.
EncryptionAlgorithm: SEED_CBC
SignAlgorithm: SIGN_SHA
RsaKeyNum: 1
MPGID: INIpayBill
MID: INIBillTst
TID: INIpayBillINIBillTst20180221172605421288
UID: INIBillTst
PayMethod: Card
URL: https://shallwesay.co.kr
moid: INIBillTst_1519197527281
GoodName: 테스트
Price: 1000
Currency: WON
BuyerName: 홍길동
BuyerTel: 010-1234-5678
BuyerEmail: test@inicis.com
SessionKey: H8GTHx47Fs85gLwSE8qVTbdbuHL9cRKWFiDRP/cA2oLgU7HLZet0EwBwh56EWwd/
A4ycpNgSXSYrYu56qgcmnQJlMa5eT9kFQepl2zpLCTpmtkH5ITfpgM3TwezyOiqG
M4zA6R6gQLGKsQD740F0632jLD6r8Yl04EcpSNy5xewnXodK0IsJUw==

Encrypted: uQN5VwR6y48WVs+bakxIwPIdcLxfgKfSEgxPCED0kFDucMQAyK/KFfB9Ump+nggb
tF3i0mgmezpDYhD8jotvMUZugpplpwl5h0Mz7aT2jsrBlEzRmxZcwRnTYOMbO3o1
1zG7XO4fmQkLeiUlGYhgI0MK+dwjCJbaD4subEERV9XyTgCrC5L5ytdBmeUVNaRh
mDNjzLEOY90iUPKQhM8/9w==

MerchantReserved1: 
MerchantReserved2: 
MerchantReserved3: 
Tail: ADQlpBtjA34l+hSPrr4GZZSWyowoH6Wew8+HNg4n/Ol5z3hwcG3BvrXt88WQzEWL
L1WENkmgJt8MfMTD0F5bkQ6CdCinevdMLorUWM7qXNLJddtMPtfjbM8cDIx97QL+
lx7FBsU9UmH2TdY8leCawOY30HSBqbTcvvpFVfEY2x4+

]
INFO  [2018:02:21-17:26:05:425] <00027288> SEND OK
INFO  [2018:02:21-17:26:06:148] <00027288> RECV OK
INFO  [2018:02:21-17:26:06:148] <00027288> MSG_FROM_PG:[InitechCash: ResultPayProc
Version: 4.0
EncryptionAlgorithm: SEED_CBC
SignAlgorithm: SIGN_SHA
RsaKeyNum: 1
SessionKey: AJG9yD1sYDF9neRCWV92shmKulzqlyDW0jALouwZ70mGF7CA0Fssnbr3mP8eiYly
/SrgKDaeBlsjRI0Cc7PXDtKwJeN4Me1Z0ocVfLPImmISLWAVSxVpQuvvTaC/SN+C
SximGh6Cw1f1jRRG0rI2XK456xYNhfIIrDb/V2C1NG1SY0ntZwSG/vg=

TID: INIpayBillINIBillTst20180221172605421288
MID: INIBillTst
Encrypted: k+LD69wkhGvElyXkszlz1wB+m/wQ3qJY4YnqI7ea/6dtR0fD2/BJNmzVWuLXG0Mu
6ZkRnhB9jJvwuP1kNeLG+S8FiLkrKM/EdAmQnlOYRG5G6a53DWAYnDR1yrZOn61W
g+PiLvSsecQiSVElaNRMAdKCD5rTnL7ehAGx1HANOTi/C2Mr+jZp2YwW8HQqA3SI
SHxzqjNgTfTsykm4sL7FEcBWgOnvw4GMwz5dHmu1OejrH/m0CGjNkn9iVDDSCtaj
+HZxiQ3dhTic2Z+Gsp91Eegji5weOvO2Gf6mfTLw1bLCzGABFWMrs9OWTv2abTzE
Ef0aRu/IU9xcvaE/8Helxs4J24ebSuUxEIijUQ8eDBmV8/BbxneUUfpL7WYmiG4I
pq+9NSS5yKjeb/iYMnEzshhx2jPabQ74+uUhEV0tkNwfm4EywFn1F/Xzh7uYL+9b
ix+7uxrWhZ8BL7Uegr+iEHH+Y3fOnMq5DCRGKX20SVELXCPP+neuxLrBFvYi0BQl
HF+bMVwOx77Tl4lbsCRy5CLaoK0or/UYBHrMDn1kO+7f3LEMDIxkPBKtPaT6KZyO
ym6uyQYFfZM=

Tail: ZGzsKHxFzGo+kljsb/6V3UhSyTVonsBKdJF+zlEou+4rAJCHDZITU6QYhJAe6cM/
uEBBLUhRin0oBVf6K3Qh48uhYFpKhnGO6AGXsuDtWevQDd/kjfnf2IISC3iE4fjm
X79B93QxioNlBY6arfjNflNtJmoIkGd4hJvlXgdKvJ8=

MOID: 
CodeGW: 
]
ERROR [2018:02:21-17:26:06:148] <00027288> CHECK SIGN FAIL (9121)
DEBUG [2018:02:21-17:26:06:148] <00027288> MSG_TO_PG:[InitechCash: ReqRealBill
Version: 4136B201506reqreLinux                  3.10.0-693.11.6.el7.
EncryptionAlgorithm: SEED_CBC
SignAlgorithm: SIGN_SHA
RsaKeyNum: 1
MPGID: INIpayBill
MID: INIBillTst
TID: INIpayBillINIBillTst20180221172605421288
UID: INIBillTst
PayMethod: Card
URL: https://shallwesay.co.kr
moid: INIBillTst_1519197527281
GoodName: 테스트
Price: 1000
Currency: WON
BuyerName: 홍길동
BuyerTel: 010-1234-5678
BuyerEmail: test@inicis.com
SessionKey: H8GTHx47Fs85gLwSE8qVTbdbuHL9cRKWFiDRP/cA2oLgU7HLZet0EwBwh56EWwd/
A4ycpNgSXSYrYu56qgcmnQJlMa5eT9kFQepl2zpLCTpmtkH5ITfpgM3TwezyOiqG
M4zA6R6gQLGKsQD740F0632jLD6r8Yl04EcpSNy5xewnXodK0IsJUw==

Encrypted: uQN5VwR6y48WVs+bakxIwPIdcLxfgKfSEgxPCED0kFDucMQAyK/KFfB9Ump+nggb
tF3i0mgmezpDYhD8jotvMUZugpplpwl5h0Mz7aT2jsrBlEzRmxZcwRnTYOMbO3o1
1zG7XO4fmQkLeiUlGYhgI0MK+dwjCJbaD4subEERV9XyTgCrC5L5ytdBmeUVNaRh
mDNjzLEOY90iUPKQhM8/9w==

MerchantReserved1: 
MerchantReserved2: 
MerchantReserved3: 
Tail: ADQlpBtjA34l+hSPrr4GZZSWyowoH6Wew8+HNg4n/Ol5z3hwcG3BvrXt88WQzEWL
L1WENkmgJt8MfMTD0F5bkQ6CdCinevdMLorUWM7qXNLJddtMPtfjbM8cDIx97QL+
lx7FBsU9UmH2TdY8leCawOY30HSBqbTcvvpFVfEY2x4+

]
DEBUG [2018:02:21-17:26:06:148] <00027288> MSG_FROM_PG:[InitechCash: ResultPayProc
Version: 4.0
EncryptionAlgorithm: SEED_CBC
SignAlgorithm: SIGN_SHA
RsaKeyNum: 1
SessionKey: AJG9yD1sYDF9neRCWV92shmKulzqlyDW0jALouwZ70mGF7CA0Fssnbr3mP8eiYly
/SrgKDaeBlsjRI0Cc7PXDtKwJeN4Me1Z0ocVfLPImmISLWAVSxVpQuvvTaC/SN+C
SximGh6Cw1f1jRRG0rI2XK456xYNhfIIrDb/V2C1NG1SY0ntZwSG/vg=

TID: INIpayBillINIBillTst20180221172605421288
MID: INIBillTst
Encrypted: k+LD69wkhGvElyXkszlz1wB+m/wQ3qJY4YnqI7ea/6dtR0fD2/BJNmzVWuLXG0Mu
6ZkRnhB9jJvwuP1kNeLG+S8FiLkrKM/EdAmQnlOYRG5G6a53DWAYnDR1yrZOn61W
g+PiLvSsecQiSVElaNRMAdKCD5rTnL7ehAGx1HANOTi/C2Mr+jZp2YwW8HQqA3SI
SHxzqjNgTfTsykm4sL7FEcBWgOnvw4GMwz5dHmu1OejrH/m0CGjNkn9iVDDSCtaj
+HZxiQ3dhTic2Z+Gsp91Eegji5weOvO2Gf6mfTLw1bLCzGABFWMrs9OWTv2abTzE
Ef0aRu/IU9xcvaE/8Helxs4J24ebSuUxEIijUQ8eDBmV8/BbxneUUfpL7WYmiG4I
pq+9NSS5yKjeb/iYMnEzshhx2jPabQ74+uUhEV0tkNwfm4EywFn1F/Xzh7uYL+9b
ix+7uxrWhZ8BL7Uegr+iEHH+Y3fOnMq5DCRGKX20SVELXCPP+neuxLrBFvYi0BQl
HF+bMVwOx77Tl4lbsCRy5CLaoK0or/UYBHrMDn1kO+7f3LEMDIxkPBKtPaT6KZyO
ym6uyQYFfZM=

Tail: ZGzsKHxFzGo+kljsb/6V3UhSyTVonsBKdJF+zlEou+4rAJCHDZITU6QYhJAe6cM/
uEBBLUhRin0oBVf6K3Qh48uhYFpKhnGO6AGXsuDtWevQDd/kjfnf2IISC3iE4fjm
X79B93QxioNlBY6arfjNflNtJmoIkGd4hJvlXgdKvJ8=

MOID: 
CodeGW: 
]
INFO  [2018:02:21-17:26:06:151] <00027288> CONNECT PG(203.238.37.3) OK
INFO  [2018:02:21-17:26:06:288] <00027288> NET CANCEL OK(NO_SUCH_TRANSACTION)
INFO  [2018:02:21-17:26:06:288] <00027288> END reqrealbill [9121][실시간빌링실패|서명 확인 오류]
INFO  [2018:02:21-17:29:03:411] <00029882> START reqrealbill (V4136B4136D20150608M)
INFO  [2018:02:21-17:29:03:411] <00029882> INIPAYHOME:/ssw1990/www/pay
INFO  [2018:02:21-17:29:03:411] <00029882> CHECK FIELD OK
INFO  [2018:02:21-17:29:03:411] <00029882> MAKE TID OK INIpayBillINIBillTst20180221172903411882
INFO  [2018:02:21-17:29:03:411] <00029882> GET PGPUB KEY OK
INFO  [2018:02:21-17:29:03:411] <00029882> GET INIBillTst PRIV KEY OK
INFO  [2018:02:21-17:29:03:411] <00029882> ENCRYPT OK
INFO  [2018:02:21-17:29:03:411] <00029882> MAKE MSG OK
INFO  [2018:02:21-17:29:03:413] <00029882> SIGN OK
INFO  [2018:02:21-17:29:03:413] <00029882> m_pgn :[]
INFO  [2018:02:21-17:29:03:413] <00029882> socket Connection:[]
INFO  [2018:02:21-17:29:03:415] <00029882> CONNECT PG(203.238.37.3:9400) OK
DEBUG [2018:02:21-17:29:03:415] <00029882> MSG_TO_PG:[InitechCash: ReqRealBill
Version: 4136B201506reqreLinux                  3.10.0-693.11.6.el7.
EncryptionAlgorithm: SEED_CBC
SignAlgorithm: SIGN_SHA
RsaKeyNum: 1
MPGID: INIpayBill
MID: INIBillTst
TID: INIpayBillINIBillTst20180221172903411882
UID: INIBillTst
PayMethod: Card
URL: http://shallwesay.co.kr
moid: INIBillTst_1519197527281
GoodName: 테스트
Price: 1000
Currency: WON
BuyerName: 홍길동
BuyerTel: 010-1234-5678
BuyerEmail: test@inicis.com
SessionKey: M7T8HykS/atRLTop568OXcRY1sWkNs+ouAd1YcYbXGiCodDiw4bbh57s8Rp4aiIL
MVmtE+cj6sHzX1RRSsSYAWeYuBYy2JbrJW0sKh/Zkfu9U3dceLzAB9eGARxWhOXD
UPtJWdaktfA9Ccsx43Jnu9aaVNTRpNo+siLFXE2J59JIsM4L0lrcgg==

Encrypted: kpYb0r3jhT/C5ycKnlnGyGQhOhihrCegLQBwW9ce1lW8ExtidttbPZBdAG6NaF0G
rJrskyxhGWY48iTXhvnR4JfDgxrmEYnVExBYWyyAZTboKF3VLMHQxfSC4WzGl+kn
6KU/+Yxb5hSIT3CuittFtioRiXv/U+8sI0/RAplYKZ/Gu72PcH/KTUoRo+P1Qqpt
HG/FijlHSuJVbEUg927s7A==

MerchantReserved1: 
MerchantReserved2: 
MerchantReserved3: 
Tail: AAdwsshmpU1/kqeOuqFn92NCFB+Wt7YpGiKuDd2zEJBKo+ndn7kIUwi7e1bR8CF9
C9gGHd1QsbbvweGHBb5Y9OVjk04lPFrTOXouislzMjmYtbBJDWODTBYUbCkiOv1W
qB86Z8OtP7ECyuMySC2q+vegxZXcheS+tsP6d6N/LqGB

]
INFO  [2018:02:21-17:29:03:415] <00029882> SEND OK
INFO  [2018:02:21-17:29:03:965] <00029882> RECV OK
INFO  [2018:02:21-17:29:03:965] <00029882> MSG_FROM_PG:[InitechCash: ResultPayProc
Version: 4.0
EncryptionAlgorithm: SEED_CBC
SignAlgorithm: SIGN_SHA
RsaKeyNum: 1
SessionKey: AMAyrH/w4RZT7lXU75ia9r4cN05UG9LuRrobu+9IGX7sZMLYDkL+zwjBB8Gsm7/A
dePX3ihqRMZ0D1dZIgMCPRhCUOa+8ejtXkO6FEBc4f8AAiQOIhve922wQS5/nf+F
M3YE4zXtlXoWXbUFbjbTs9JNSoJ7Tyn78XQuWR+n+/0NPBomElpOmB4=

TID: INIpayBillINIBillTst20180221172903411882
MID: INIBillTst
Encrypted: Meo0fRzCREu8ChKKNRx9+0U19B3Z8Ozt/gUM753QkThwMRQIEm2pv1K3ezqyNc/q
l/ukzzsnnOJ7JhQQ+0/XGwu0VRRHN10PNSv4xxWP/mtdo8KFK4xYSboA/SjizuXy
4yJdb0+Z4N5y7UOdzzCgcjaelAPRW+/BlmUUdDIjFO8fKtebkogspRwuYs31C9ev
NHhmfE7sEhjJo/CQPgtcWEUvsygiGnFnn24wMeC1vdZIm5NQn/KTmuO6vpXTewLA
/5o8oRHPbQ3Oeay76n7bdkwPEnu2W78m4im8B8g61owp5VOeKHfHelrAuHjUGH50
1XNzjqLQ6e4RzpFMc1Zr/LZNftNPWy7xPFwNyR9bFnBUj+abusgbIufuulpDBsLU
RvkdMB2rDKlRgR0Hi+1zq55NuIzKasFti39UOHQH82ijQKerdgieEr4ojclmMA0W
p+65ihXO5p3zDrydV7JbNzNcGXWT/PBYS1BnuzvD3M5GOVd12ZsTUDzqK8cGeiPc
EQl1mVlZPHsZE+AMW/xoJ0cGu0aSF+lutBTH62285T3gYyNJS8Yo/zg4l6upS3Nx
IlNMHQ8y9uI=

Tail: sScsI0IvdAQAB9Y7XCzvjgvl2O2FoJTrbRp0/1ZScL1KSKWosQaV2tWWFaDS6+/s
bWTH3ueFnKiVyVfc+Lj09l/wj9Kvkjfs0mu/4TXUpOrwNY8/cfGocFHlXC0igmTv
rWfsQ6q7BQvy+GLvfd2RxE+BJ9ZfDhho8QjoNjswI24=

MOID: 
CodeGW: 
]
ERROR [2018:02:21-17:29:03:965] <00029882> CHECK SIGN FAIL (9121)
DEBUG [2018:02:21-17:29:03:965] <00029882> MSG_TO_PG:[InitechCash: ReqRealBill
Version: 4136B201506reqreLinux                  3.10.0-693.11.6.el7.
EncryptionAlgorithm: SEED_CBC
SignAlgorithm: SIGN_SHA
RsaKeyNum: 1
MPGID: INIpayBill
MID: INIBillTst
TID: INIpayBillINIBillTst20180221172903411882
UID: INIBillTst
PayMethod: Card
URL: http://shallwesay.co.kr
moid: INIBillTst_1519197527281
GoodName: 테스트
Price: 1000
Currency: WON
BuyerName: 홍길동
BuyerTel: 010-1234-5678
BuyerEmail: test@inicis.com
SessionKey: M7T8HykS/atRLTop568OXcRY1sWkNs+ouAd1YcYbXGiCodDiw4bbh57s8Rp4aiIL
MVmtE+cj6sHzX1RRSsSYAWeYuBYy2JbrJW0sKh/Zkfu9U3dceLzAB9eGARxWhOXD
UPtJWdaktfA9Ccsx43Jnu9aaVNTRpNo+siLFXE2J59JIsM4L0lrcgg==

Encrypted: kpYb0r3jhT/C5ycKnlnGyGQhOhihrCegLQBwW9ce1lW8ExtidttbPZBdAG6NaF0G
rJrskyxhGWY48iTXhvnR4JfDgxrmEYnVExBYWyyAZTboKF3VLMHQxfSC4WzGl+kn
6KU/+Yxb5hSIT3CuittFtioRiXv/U+8sI0/RAplYKZ/Gu72PcH/KTUoRo+P1Qqpt
HG/FijlHSuJVbEUg927s7A==

MerchantReserved1: 
MerchantReserved2: 
MerchantReserved3: 
Tail: AAdwsshmpU1/kqeOuqFn92NCFB+Wt7YpGiKuDd2zEJBKo+ndn7kIUwi7e1bR8CF9
C9gGHd1QsbbvweGHBb5Y9OVjk04lPFrTOXouislzMjmYtbBJDWODTBYUbCkiOv1W
qB86Z8OtP7ECyuMySC2q+vegxZXcheS+tsP6d6N/LqGB

]
DEBUG [2018:02:21-17:29:03:965] <00029882> MSG_FROM_PG:[InitechCash: ResultPayProc
Version: 4.0
EncryptionAlgorithm: SEED_CBC
SignAlgorithm: SIGN_SHA
RsaKeyNum: 1
SessionKey: AMAyrH/w4RZT7lXU75ia9r4cN05UG9LuRrobu+9IGX7sZMLYDkL+zwjBB8Gsm7/A
dePX3ihqRMZ0D1dZIgMCPRhCUOa+8ejtXkO6FEBc4f8AAiQOIhve922wQS5/nf+F
M3YE4zXtlXoWXbUFbjbTs9JNSoJ7Tyn78XQuWR+n+/0NPBomElpOmB4=

TID: INIpayBillINIBillTst20180221172903411882
MID: INIBillTst
Encrypted: Meo0fRzCREu8ChKKNRx9+0U19B3Z8Ozt/gUM753QkThwMRQIEm2pv1K3ezqyNc/q
l/ukzzsnnOJ7JhQQ+0/XGwu0VRRHN10PNSv4xxWP/mtdo8KFK4xYSboA/SjizuXy
4yJdb0+Z4N5y7UOdzzCgcjaelAPRW+/BlmUUdDIjFO8fKtebkogspRwuYs31C9ev
NHhmfE7sEhjJo/CQPgtcWEUvsygiGnFnn24wMeC1vdZIm5NQn/KTmuO6vpXTewLA
/5o8oRHPbQ3Oeay76n7bdkwPEnu2W78m4im8B8g61owp5VOeKHfHelrAuHjUGH50
1XNzjqLQ6e4RzpFMc1Zr/LZNftNPWy7xPFwNyR9bFnBUj+abusgbIufuulpDBsLU
RvkdMB2rDKlRgR0Hi+1zq55NuIzKasFti39UOHQH82ijQKerdgieEr4ojclmMA0W
p+65ihXO5p3zDrydV7JbNzNcGXWT/PBYS1BnuzvD3M5GOVd12ZsTUDzqK8cGeiPc
EQl1mVlZPHsZE+AMW/xoJ0cGu0aSF+lutBTH62285T3gYyNJS8Yo/zg4l6upS3Nx
IlNMHQ8y9uI=

Tail: sScsI0IvdAQAB9Y7XCzvjgvl2O2FoJTrbRp0/1ZScL1KSKWosQaV2tWWFaDS6+/s
bWTH3ueFnKiVyVfc+Lj09l/wj9Kvkjfs0mu/4TXUpOrwNY8/cfGocFHlXC0igmTv
rWfsQ6q7BQvy+GLvfd2RxE+BJ9ZfDhho8QjoNjswI24=

MOID: 
CodeGW: 
]
INFO  [2018:02:21-17:29:03:968] <00029882> CONNECT PG(203.238.37.3) OK
INFO  [2018:02:21-17:29:04:105] <00029882> NET CANCEL OK(NO_SUCH_TRANSACTION)
INFO  [2018:02:21-17:29:04:105] <00029882> END reqrealbill [9121][실시간빌링실패|서명 확인 오류]
INFO  [2018:02:21-17:35:25:292] <00051780> START reqrealbill (V4136B4136D20150608M)
INFO  [2018:02:21-17:35:25:292] <00051780> INIPAYHOME:/ssw1990/www/pay
INFO  [2018:02:21-17:35:25:292] <00051780> CHECK FIELD OK
INFO  [2018:02:21-17:35:25:292] <00051780> MAKE TID OK INIpayBillINIBillTst20180221173525292780
INFO  [2018:02:21-17:35:25:292] <00051780> GET PGPUB KEY OK
INFO  [2018:02:21-17:35:25:292] <00051780> GET INIBillTst PRIV KEY OK
INFO  [2018:02:21-17:35:25:293] <00051780> ENCRYPT OK
INFO  [2018:02:21-17:35:25:293] <00051780> MAKE MSG OK
INFO  [2018:02:21-17:35:25:296] <00051780> SIGN OK
INFO  [2018:02:21-17:35:25:297] <00051780> m_pgn :[]
INFO  [2018:02:21-17:35:25:297] <00051780> socket Connection:[]
INFO  [2018:02:21-17:35:25:302] <00051780> CONNECT PG(203.238.37.3:9400) OK
DEBUG [2018:02:21-17:35:25:302] <00051780> MSG_TO_PG:[InitechCash: ReqRealBill
Version: 4136B201506reqreLinux                  3.10.0-693.11.6.el7.
EncryptionAlgorithm: SEED_CBC
SignAlgorithm: SIGN_SHA
RsaKeyNum: 1
MPGID: INIpayBill
MID: INIBillTst
TID: INIpayBillINIBillTst20180221173525292780
UID: INIBillTst
PayMethod: Card
URL: http://shallwesay.co.kr
moid: INIBillTst_1519197527281
GoodName: 테스트
Price: 1000
Currency: WON
BuyerName: 홍길동
BuyerTel: 010-1234-5678
BuyerEmail: test@inicis.com
SessionKey: Duy+s5ieQ6se4yE9fCKBuBDtPEGopKwF7nxsg9mDnFX0NvogA4Qu0Pe0yp++muqf
jU48YJDi9hiH03ECEu0tuXC3IV4Wd5sNMvAshRXrCRYAOlOILuqu6zRBQrwvR6bc
NPOqOf2qc9o0UITY2Pog8CBeYYeDpP5j6RA9UZ/k8/d/rToM0r/c/w==

Encrypted: KMFSY+yE0v+6q8rxneVX/v2Y7zQbRGjy8t5jLr5vUmGYu68I3TY8NoyiiWnsEF80
lW0ECspXd+EosFnF9W53A0vl8IHRZmyS8BMg+Owb+QIxM7EQsGZWRGsuxloZ6lS9
W8x6SHN4Gu7teNd5FQOkbgC+I+dRlwqp4ewRa59uyN/2crsRcnfJqEqfoMvrtJe5
F1mLlPOtI2SK+DE+PnjwPg==

MerchantReserved1: 
MerchantReserved2: 
MerchantReserved3: 
Tail: ANcZabkzGxfQFdtGt6153YI6YRUj5WdpVmCaJD7CFalZIs/JgMaFghV/Kz8eMOjx
RStdnvhcmuNBLF0xbdoFaTSNdy7a2o4P7xO7uKSe59qfkud3vLeTpaEusT5O4leJ
squ1llv8KYGOOBeO709pWarJV3wleSv3jMNptlScOBlw

]
INFO  [2018:02:21-17:35:25:302] <00051780> SEND OK
INFO  [2018:02:21-17:35:25:909] <00051780> RECV OK
INFO  [2018:02:21-17:35:25:909] <00051780> MSG_FROM_PG:[InitechCash: ResultPayProc
Version: 4.0
EncryptionAlgorithm: SEED_CBC
SignAlgorithm: SIGN_SHA
RsaKeyNum: 1
SessionKey: AF+MLvXzGKKHof5NKKfYy5AbN/sD28Iw8eH4NCqpf7Y4RoSYe5z3WsIN6WhWHeta
Kk8v0UuEd4PqlZsdbezy36/zg00/IsAX8Py6iiMQj40tsuUytStVwIeBgt+ly6u2
GxRstRx56daSqyPSfQRcGHvoZnnty9u9JctDY9wgxe1OGnPrghhZOBg=

TID: INIpayBillINIBillTst20180221173525292780
MID: INIBillTst
Encrypted: HOr0dFBdYRV2hPdnhA0Ddxg+46Wz/42EEVev+Kk4hEyi5UdoVQ+IyIUn38pdVhcf
pNImIGEYzRYg+AfW+kHtqwqyVoJi7J6+E6LHaJoEqAkKBBtEkuASeAb4yo+JIeoY
m9jSGMFNRcjvRTWgfOBGWif9uV63yJXfl+oNRj7h2qdR1RHyBbucVZYs2mVQNQ3B
3XiC7ELv7U3CAXdEGj1jfM84l6vWLC7UA1p0jezl6JLnb0KOxtq1VA236HepUu1A
+/cCRZpnbJ7uq096vyAUv/loU9GqEfGjx8TwOkXyxl9lZ+TYL7+dzbf/8Szkvujz
X+yhNoojWMi78RuXcAAR40xwvSUGSRqm1TETcEapw3jqwryJJ+HK7wzwQquhyH3V
xPJuwKonH0uPf3gEpuVLYuqs3S7xrUDiN6Zy+1Aodkz4yzxOrTUPDTJGC7NWPJeg
GDgPmC8FUtDODfzKmhuxeBVBb9saWF0GJqqtY7G8/pGEIMphUKFfEhE0gScJFuNJ
yb10n3/gcqjYgZWH4x/++lfjpQb5GtD6ba3PBgKuqZoWWam5CluOIsAUTTvhQcgp
IaUz8gR51f0=

Tail: 0R7fyIZKSc+Sa3aEE3hvwPDqn4NqGPx/o7br9B4b6WNr+LoDRDPPO8nwyFlY55gO
9hRebz/mtuj2K5HQnOYP7R8Hd8rXJtYeXzIovRTJguxoMWdKRqIi6Ue2P3Fg8A0l
GoFG329nIS2oRy+gXVtkJRqgCZvcgS2Epz3SfPfIkkk=

MOID: 
CodeGW: 
]
ERROR [2018:02:21-17:35:25:909] <00051780> CHECK SIGN FAIL (9121)
DEBUG [2018:02:21-17:35:25:909] <00051780> MSG_TO_PG:[InitechCash: ReqRealBill
Version: 4136B201506reqreLinux                  3.10.0-693.11.6.el7.
EncryptionAlgorithm: SEED_CBC
SignAlgorithm: SIGN_SHA
RsaKeyNum: 1
MPGID: INIpayBill
MID: INIBillTst
TID: INIpayBillINIBillTst20180221173525292780
UID: INIBillTst
PayMethod: Card
URL: http://shallwesay.co.kr
moid: INIBillTst_1519197527281
GoodName: 테스트
Price: 1000
Currency: WON
BuyerName: 홍길동
BuyerTel: 010-1234-5678
BuyerEmail: test@inicis.com
SessionKey: Duy+s5ieQ6se4yE9fCKBuBDtPEGopKwF7nxsg9mDnFX0NvogA4Qu0Pe0yp++muqf
jU48YJDi9hiH03ECEu0tuXC3IV4Wd5sNMvAshRXrCRYAOlOILuqu6zRBQrwvR6bc
NPOqOf2qc9o0UITY2Pog8CBeYYeDpP5j6RA9UZ/k8/d/rToM0r/c/w==

Encrypted: KMFSY+yE0v+6q8rxneVX/v2Y7zQbRGjy8t5jLr5vUmGYu68I3TY8NoyiiWnsEF80
lW0ECspXd+EosFnF9W53A0vl8IHRZmyS8BMg+Owb+QIxM7EQsGZWRGsuxloZ6lS9
W8x6SHN4Gu7teNd5FQOkbgC+I+dRlwqp4ewRa59uyN/2crsRcnfJqEqfoMvrtJe5
F1mLlPOtI2SK+DE+PnjwPg==

MerchantReserved1: 
MerchantReserved2: 
MerchantReserved3: 
Tail: ANcZabkzGxfQFdtGt6153YI6YRUj5WdpVmCaJD7CFalZIs/JgMaFghV/Kz8eMOjx
RStdnvhcmuNBLF0xbdoFaTSNdy7a2o4P7xO7uKSe59qfkud3vLeTpaEusT5O4leJ
squ1llv8KYGOOBeO709pWarJV3wleSv3jMNptlScOBlw

]
DEBUG [2018:02:21-17:35:25:909] <00051780> MSG_FROM_PG:[InitechCash: ResultPayProc
Version: 4.0
EncryptionAlgorithm: SEED_CBC
SignAlgorithm: SIGN_SHA
RsaKeyNum: 1
SessionKey: AF+MLvXzGKKHof5NKKfYy5AbN/sD28Iw8eH4NCqpf7Y4RoSYe5z3WsIN6WhWHeta
Kk8v0UuEd4PqlZsdbezy36/zg00/IsAX8Py6iiMQj40tsuUytStVwIeBgt+ly6u2
GxRstRx56daSqyPSfQRcGHvoZnnty9u9JctDY9wgxe1OGnPrghhZOBg=

TID: INIpayBillINIBillTst20180221173525292780
MID: INIBillTst
Encrypted: HOr0dFBdYRV2hPdnhA0Ddxg+46Wz/42EEVev+Kk4hEyi5UdoVQ+IyIUn38pdVhcf
pNImIGEYzRYg+AfW+kHtqwqyVoJi7J6+E6LHaJoEqAkKBBtEkuASeAb4yo+JIeoY
m9jSGMFNRcjvRTWgfOBGWif9uV63yJXfl+oNRj7h2qdR1RHyBbucVZYs2mVQNQ3B
3XiC7ELv7U3CAXdEGj1jfM84l6vWLC7UA1p0jezl6JLnb0KOxtq1VA236HepUu1A
+/cCRZpnbJ7uq096vyAUv/loU9GqEfGjx8TwOkXyxl9lZ+TYL7+dzbf/8Szkvujz
X+yhNoojWMi78RuXcAAR40xwvSUGSRqm1TETcEapw3jqwryJJ+HK7wzwQquhyH3V
xPJuwKonH0uPf3gEpuVLYuqs3S7xrUDiN6Zy+1Aodkz4yzxOrTUPDTJGC7NWPJeg
GDgPmC8FUtDODfzKmhuxeBVBb9saWF0GJqqtY7G8/pGEIMphUKFfEhE0gScJFuNJ
yb10n3/gcqjYgZWH4x/++lfjpQb5GtD6ba3PBgKuqZoWWam5CluOIsAUTTvhQcgp
IaUz8gR51f0=

Tail: 0R7fyIZKSc+Sa3aEE3hvwPDqn4NqGPx/o7br9B4b6WNr+LoDRDPPO8nwyFlY55gO
9hRebz/mtuj2K5HQnOYP7R8Hd8rXJtYeXzIovRTJguxoMWdKRqIi6Ue2P3Fg8A0l
GoFG329nIS2oRy+gXVtkJRqgCZvcgS2Epz3SfPfIkkk=

MOID: 
CodeGW: 
]
INFO  [2018:02:21-17:35:25:912] <00051780> CONNECT PG(203.238.37.3) OK
INFO  [2018:02:21-17:35:26:053] <00051780> NET CANCEL OK(NO_SUCH_TRANSACTION)
INFO  [2018:02:21-17:35:26:053] <00051780> END reqrealbill [9121][실시간빌링실패|서명 확인 오류]
