INFO  [2018:02:23-11:23:22:790] <00027692> START reqrealbill (V4130B4130D090805M)
INFO  [2018:02:23-11:23:22:790] <00027692> INIPAYHOME:/ssw1990/www/pay
INFO  [2018:02:23-11:23:22:790] <00027692> CHECK FIELD OK
INFO  [2018:02:23-11:23:22:790] <00027692> MAKE TID OK INIpayBillINIBillTst20180223112322790692
INFO  [2018:02:23-11:23:22:791] <00027692> GET PGPUB KEY OK
INFO  [2018:02:23-11:23:22:791] <00027692> GET INIBillTst PRIV KEY OK
INFO  [2018:02:23-11:23:22:791] <00027692> ENCRYPT OK
INFO  [2018:02:23-11:23:22:791] <00027692> MAKE MSG OK
INFO  [2018:02:23-11:23:22:791] <00027692> SIGN OK
INFO  [2018:02:23-11:23:22:794] <00027692> CONNECT PG(203.238.37.3:9400) OK
INFO  [2018:02:23-11:23:22:794] <00027692> SEND OK
INFO  [2018:02:23-11:23:23:909] <00027692> RECV OK
INFO  [2018:02:23-11:23:23:909] <00027692> MSG_FROM_PG:[InitechCash: ResultPayProc
Version: 4.0
EncryptionAlgorithm: SEED_CBC
SignAlgorithm: SIGN_SHA
RsaKeyNum: 1
SessionKey: AGV6Za10/7WMCfXfALTichlfr2ghbWRvb8GnNUGw7Ti4OVEMSfvgXgkWGRFJpjFE
Zgz0wH34dAqq4x6X73pFbRP7zcKjQObBPQyJD743SHP+TMlKlDcwoNhZriXmcMNH
n+I3FuFm0eujcH5iLCHrEUbaaaglkN1lcPy0UmSdIO0IQtGWQkI01Z0=

TID: INIpayBillINIBillTst20180223112322790692
MID: INIBillTst
Encrypted: vaAjHCp4WfmGqyGKrVpBatPcs3LzdmEvtcltFl3+pXpmj8F/Gm1Onpad/Zxm0WQi
B4zxSrJY3oXLiB99in2mGcCvdx8KOib/IADnf8n0NXW4FAQHpYGVl0A4JE7MQmnI
O0msfXCGx5wn6+JmG+sTiS71uWIzb5dIBpuv7Ro+RpsF4gpX2YRhGgW2YrQ35wHt
YKwrvnr3TwhIh2ULhNF/NdVQQT0bMdFSkpkADXCEaEmeDB5zbH09/nrLRYCkPQuB
jhBOmvBEZeSXZraS/PTri9P81nUL1ouNqqX0xwQMrIdjE1A3ZhkI9xptFN5Mpz/G
VrQa+fkIRwYkMezC1KTTDcA7Ntfz2MLJKjLAHBLi9nQzYr7XHcGONFQRQjLtRKE4
7+Dl01MQRb9WG3z1Q/ICkHV33OvaqIrIXidRjoRvQtgBW4iv2VB+ajnvJAWpjjxf
lFNjLeGxt12CTBJaQEDnSWK9qwqL6p/kwD+qSRlHMnHtQy3VJvbAzthn3+he9VE+
9XxWv/4AvG2tC7fe0ofbu5aKs8YTqF89dTDHPEE22IrWRzQVO/aJUtvh1q8Dl1fy
6BnePtVzGaHvotPU4LrMf7gsf1wA4M4gzP8soOJOji+sFRmeg+V9OA==

Tail: mHyogQjFQHQecdXuK6BD3ajbu9/nqbbhcCN/eG8yq+xd1Vv3PC64LqeBsOi3DkxS
QE/iEJFKw4mmebZ2EJXld7BRNJJdw4rJAyLdEUag9aRj3CBUi9HqKOdKV5K4PCwX
X132CDmHrihuEULdTuHNZuC07g47jyk0+ZBwWSgAnJo=

MOID: 
CodeGW: 
]
INFO  [2018:02:23-11:23:23:909] <00027692> CHECK SIGN OK
INFO  [2018:02:23-11:23:23:910] <00027692> DECRYPT OK
INFO  [2018:02:23-11:23:23:910] <00027692> PARSE OK
INFO  [2018:02:23-11:23:23:910] <00027692> END reqrealbill [신용카드|빌링이 정상적으로 이루어졌습니다.]
